TN:
SF:src\config\config.ts
FNF:0
FNH:0
DA:1,1
DA:2,1
DA:3,1
DA:4,1
DA:5,1
DA:6,1
DA:7,1
DA:8,1
DA:9,1
DA:10,1
DA:11,1
DA:12,1
DA:13,1
DA:14,1
DA:15,1
DA:16,1
DA:17,1
DA:18,1
DA:19,1
DA:20,1
DA:21,1
LF:21
LH:21
BRDA:18,0,0,0
BRDA:20,1,0,0
BRF:2
BRH:0
end_of_record
TN:
SF:src\controllers\user.controllers.ts
FN:8,<instance_members_initializer>
FN:10,UserController
FN:12,createUser
FN:33,getProfileById
FN:56,getProfileByUsername
FNF:5
FNH:5
FNDA:9,<instance_members_initializer>
FNDA:9,UserController
FNDA:3,createUser
FNDA:3,getProfileById
FNDA:3,getProfileByUsername
DA:1,1
DA:2,1
DA:3,1
DA:4,1
DA:5,1
DA:6,1
DA:7,1
DA:8,1
DA:9,9
DA:10,9
DA:11,9
DA:12,9
DA:13,3
DA:14,3
DA:15,3
DA:16,3
DA:17,3
DA:18,1
DA:19,1
DA:20,2
DA:21,2
DA:22,1
DA:23,1
DA:24,1
DA:25,1
DA:26,1
DA:27,1
DA:28,1
DA:29,3
DA:30,2
DA:31,2
DA:32,3
DA:33,9
DA:34,3
DA:35,3
DA:36,3
DA:37,3
DA:38,1
DA:39,1
DA:40,2
DA:41,2
DA:42,2
DA:43,3
DA:44,1
DA:45,1
DA:46,1
DA:47,1
DA:48,1
DA:49,1
DA:50,1
DA:51,3
DA:52,2
DA:53,2
DA:54,3
DA:55,9
DA:56,9
DA:57,3
DA:58,3
DA:59,3
DA:60,3
DA:61,1
DA:62,1
DA:63,2
DA:64,2
DA:65,2
DA:66,3
DA:67,1
DA:68,1
DA:69,1
DA:70,1
DA:71,1
DA:72,1
DA:73,1
DA:74,1
DA:75,3
DA:76,2
DA:77,2
DA:78,3
DA:79,9
DA:80,1
DA:81,1
DA:82,1
DA:83,1
DA:84,1
DA:85,1
DA:86,1
DA:87,1
DA:88,1
DA:89,1
DA:90,1
DA:91,1
DA:92,1
DA:93,1
DA:94,1
DA:95,1
DA:96,1
DA:97,1
DA:98,1
DA:99,1
DA:100,1
DA:101,1
DA:102,1
DA:103,1
DA:104,1
DA:105,1
DA:106,1
DA:107,1
DA:108,1
DA:109,1
DA:110,1
DA:111,1
DA:112,1
DA:113,1
DA:114,1
DA:115,1
DA:116,1
DA:117,1
DA:118,1
DA:119,1
DA:120,1
DA:121,1
DA:122,1
DA:123,1
DA:124,1
DA:125,1
DA:126,1
DA:127,1
DA:128,1
DA:129,1
DA:130,1
DA:131,1
DA:132,1
DA:133,1
DA:134,1
DA:135,1
DA:136,1
LF:136
LH:136
BRDA:8,0,0,9
BRDA:10,1,0,9
BRDA:12,2,0,3
BRDA:17,3,0,1
BRDA:20,4,0,2
BRDA:22,5,0,1
BRDA:29,6,0,2
BRDA:33,7,0,3
BRDA:37,8,0,1
BRDA:40,9,0,2
BRDA:43,10,0,1
BRDA:51,11,0,2
BRDA:56,12,0,3
BRDA:60,13,0,1
BRDA:63,14,0,2
BRDA:66,15,0,1
BRDA:75,16,0,2
BRF:17
BRH:17
end_of_record
TN:
SF:src\schema\user.schema.ts
FN:41,exports.createUserSchema.zod_1.z.object.email.zod_1.z.preprocess.zod_1.z.email.error
FNF:1
FNH:1
FNDA:23,exports.createUserSchema.zod_1.z.object.email.zod_1.z.preprocess.zod_1.z.email.error
DA:1,1
DA:2,1
DA:3,1
DA:4,1
DA:5,1
DA:6,1
DA:7,1
DA:8,1
DA:9,1
DA:10,1
DA:11,1
DA:12,1
DA:13,1
DA:14,1
DA:15,1
DA:16,1
DA:17,1
DA:18,1
DA:19,1
DA:20,1
DA:21,1
DA:22,1
DA:23,1
DA:24,1
DA:25,1
DA:26,1
DA:27,1
DA:28,1
DA:29,1
DA:30,1
DA:31,1
DA:32,1
DA:33,1
DA:34,1
DA:35,1
DA:36,1
DA:37,1
DA:38,1
DA:39,1
DA:40,1
DA:41,1
DA:42,1
DA:43,1
DA:44,1
DA:45,1
DA:46,1
DA:47,1
DA:48,1
DA:49,1
DA:50,1
DA:51,1
DA:52,1
DA:53,1
DA:54,1
DA:55,1
DA:56,1
DA:57,1
DA:58,1
DA:59,1
DA:60,1
DA:61,1
DA:62,1
DA:63,1
DA:64,1
DA:65,1
DA:66,1
DA:67,1
DA:68,1
DA:69,1
DA:70,1
DA:71,1
DA:72,1
DA:73,1
DA:74,1
DA:75,1
DA:76,1
DA:77,1
DA:78,1
DA:79,1
DA:80,1
DA:81,1
DA:82,1
DA:83,1
DA:84,1
DA:85,1
DA:86,1
DA:87,1
DA:88,1
DA:89,1
DA:90,1
DA:91,1
DA:92,1
DA:93,1
DA:94,1
DA:95,1
DA:96,1
DA:97,1
DA:98,1
DA:99,1
DA:100,1
DA:101,1
DA:102,1
DA:103,1
DA:104,1
DA:105,1
DA:106,1
DA:107,1
DA:108,1
DA:109,1
LF:109
LH:109
BRDA:41,0,0,23
BRDA:41,1,0,22
BRDA:41,2,0,1
BRDA:91,3,0,4
BRF:4
BRH:4
end_of_record
TN:
SF:src\services\user.service.ts
FN:10,<instance_members_initializer>
FN:12,UserService
FN:14,createUser
FN:54,getUserByUsername
FN:84,getUserById
FNF:5
FNH:5
FNDA:9,<instance_members_initializer>
FNDA:9,UserService
FNDA:3,createUser
FNDA:3,getUserByUsername
FNDA:3,getUserById
DA:1,1
DA:2,1
DA:3,1
DA:4,1
DA:5,1
DA:6,1
DA:7,1
DA:8,1
DA:9,1
DA:10,1
DA:11,9
DA:12,9
DA:13,9
DA:14,9
DA:15,3
DA:16,3
DA:17,3
DA:18,3
DA:19,3
DA:20,3
DA:21,3
DA:22,3
DA:23,3
DA:24,3
DA:25,3
DA:26,3
DA:27,2
DA:28,1
DA:29,2
DA:30,1
DA:31,1
DA:32,1
DA:33,1
DA:34,1
DA:35,1
DA:36,1
DA:37,1
DA:38,1
DA:39,1
DA:40,1
DA:41,1
DA:42,1
DA:43,1
DA:44,1
DA:45,1
DA:46,1
DA:47,1
DA:48,1
DA:49,1
DA:50,1
DA:51,1
DA:52,1
DA:53,9
DA:54,9
DA:55,3
DA:56,3
DA:57,3
DA:58,3
DA:59,1
DA:60,1
DA:61,1
DA:62,1
DA:63,1
DA:64,1
DA:65,1
DA:66,2
DA:67,2
DA:68,2
DA:69,3
DA:70,1
DA:71,1
DA:72,1
DA:73,1
DA:74,1
DA:75,1
DA:76,1
DA:77,1
DA:78,1
DA:79,1
DA:80,1
DA:81,1
DA:82,1
DA:83,9
DA:84,9
DA:85,3
DA:86,3
DA:87,3
DA:88,3
DA:89,1
DA:90,1
DA:91,1
DA:92,1
DA:93,1
DA:94,1
DA:95,1
DA:96,2
DA:97,2
DA:98,3
DA:99,1
DA:100,1
DA:101,1
DA:102,1
DA:103,1
DA:104,1
DA:105,1
DA:106,1
DA:107,1
DA:108,1
DA:109,1
DA:110,1
DA:111,9
DA:112,9
DA:113,9
DA:114,9
DA:115,9
DA:116,9
DA:117,9
DA:118,9
DA:119,9
DA:120,9
DA:121,9
DA:122,9
DA:123,9
DA:124,9
DA:125,9
DA:126,9
DA:127,9
DA:128,9
DA:129,9
DA:130,9
DA:131,9
DA:132,9
DA:133,9
DA:134,9
DA:135,9
DA:136,9
DA:137,9
DA:138,9
DA:139,9
DA:140,9
DA:141,9
DA:142,9
DA:143,9
DA:144,9
DA:145,9
DA:146,9
DA:147,9
DA:148,9
DA:149,9
DA:150,9
DA:151,9
DA:152,9
DA:153,9
DA:154,9
DA:155,9
LF:155
LH:155
BRDA:10,0,0,9
BRDA:12,1,0,9
BRDA:14,2,0,3
BRDA:26,3,0,2
BRDA:27,4,0,1
BRDA:30,5,0,1
BRDA:54,6,0,3
BRDA:58,7,0,1
BRDA:66,8,0,2
BRDA:69,9,0,1
BRDA:84,10,0,3
BRDA:88,11,0,1
BRDA:96,12,0,2
BRDA:98,13,0,1
BRF:14
BRH:14
end_of_record
TN:
SF:src\utils\apiErrorHanlderClass.ts
FN:1,<instance_members_initializer>
FN:2,ApiErrorHandler
FNF:2
FNH:2
FNDA:9,<instance_members_initializer>
FNDA:9,ApiErrorHandler
DA:1,1
DA:2,9
DA:3,9
DA:4,9
DA:5,9
DA:6,9
DA:7,1
DA:8,1
LF:8
LH:8
BRDA:1,0,0,9
BRDA:2,1,0,9
BRF:2
BRH:2
end_of_record
TN:
SF:src\utils\rabbitmq.ts
FN:6,connectRabbitMQ
FN:24,publishUserEvent
FNF:2
FNH:0
FNDA:0,connectRabbitMQ
FNDA:0,publishUserEvent
DA:1,1
DA:2,1
DA:3,1
DA:4,1
DA:5,1
DA:6,1
DA:7,0
DA:8,0
DA:9,0
DA:10,0
DA:11,0
DA:12,0
DA:13,0
DA:14,0
DA:15,0
DA:16,0
DA:17,0
DA:18,0
DA:19,0
DA:20,0
DA:21,0
DA:22,0
DA:23,1
DA:24,1
DA:25,0
DA:26,0
DA:27,0
DA:28,0
DA:29,0
DA:30,0
DA:31,0
DA:32,0
DA:33,0
DA:34,0
DA:35,0
DA:36,0
DA:37,0
DA:38,1
DA:39,1
DA:40,1
DA:41,1
DA:42,1
DA:43,1
DA:44,1
DA:45,1
DA:46,1
DA:47,1
DA:48,1
DA:49,1
DA:50,1
DA:51,1
DA:52,1
DA:53,1
DA:54,1
DA:55,1
DA:56,1
DA:57,1
DA:58,1
DA:59,1
DA:60,1
DA:61,1
DA:62,1
DA:63,1
LF:63
LH:34
BRF:0
BRH:0
end_of_record
TN:
SF:src\utils\throwZodFormattedError.ts
FN:4,formatZodError
FNF:1
FNH:1
FNDA:3,formatZodError
DA:1,1
DA:2,1
DA:3,1
DA:4,1
DA:5,3
DA:6,3
DA:7,3
DA:8,3
DA:9,3
DA:10,3
DA:11,3
DA:12,3
DA:13,3
DA:14,3
DA:15,1
DA:16,1
LF:16
LH:16
BRDA:4,0,0,3
BRDA:7,1,0,3
BRDA:8,2,0,0
BRF:3
BRH:2
end_of_record
TN:
SF:src\utils\cache\userCacheKeys.ts
FN:3,userCacheKeyById
FN:7,userCacheKeyByUsername
FNF:2
FNH:2
FNDA:12,userCacheKeyById
FNDA:12,userCacheKeyByUsername
DA:1,1
DA:2,1
DA:3,1
DA:4,12
DA:5,12
DA:6,1
DA:7,1
DA:8,12
DA:9,12
LF:9
LH:9
BRDA:3,0,0,12
BRDA:7,1,0,12
BRF:2
BRH:2
end_of_record
